<?xml version="1.0" encoding="UTF-8"?>
<!-- Generated by org.testng.reporters.JUnitReportReporter -->
<testsuite skipped="0" hostname="Prabin" name="testCases.EndToEndProductUpdateTest" tests="4" failures="0" timestamp="30 Apr 2022 05:58:51 GMT" time="3.379" errors="0">
  <testcase name="createNewProduct" time="1.800" classname="testCases.EndToEndProductUpdateTest"/>
  <testcase name="readAllProducts" time="0.805" classname="testCases.EndToEndProductUpdateTest"/>
  <testcase name="updateProduct" time="0.373" classname="testCases.EndToEndProductUpdateTest"/>
  <testcase name="readOneProduct" time="0.401" classname="testCases.EndToEndProductUpdateTest"/>
</testsuite> <!-- testCases.EndToEndProductUpdateTest -->
