<?xml version="1.0" encoding="UTF-8"?>
<!-- Generated by org.testng.reporters.JUnitReportReporter -->
<testsuite skipped="0" hostname="Prabin" name="testCases.ReadAllProducts" tests="1" failures="0" timestamp="30 Apr 2022 04:17:27 GMT" time="1.955" errors="0">
  <testcase name="readAllProducts" time="1.955" classname="testCases.ReadAllProducts"/>
</testsuite> <!-- testCases.ReadAllProducts -->
