<?xml version="1.0" encoding="UTF-8"?>
<!-- Generated by org.testng.reporters.JUnitReportReporter -->
<testsuite skipped="0" hostname="Prabin" name="testCases.EndToEndProductTest" tests="3" failures="0" timestamp="30 Apr 2022 05:32:00 GMT" time="2.810" errors="0">
  <testcase name="createNewProduct" time="1.711" classname="testCases.EndToEndProductTest"/>
  <testcase name="readAllProducts" time="0.734" classname="testCases.EndToEndProductTest"/>
  <testcase name="readOneProduct" time="0.365" classname="testCases.EndToEndProductTest"/>
</testsuite> <!-- testCases.EndToEndProductTest -->
