<?xml version="1.0" encoding="UTF-8"?>
<!-- Generated by org.testng.reporters.JUnitReportReporter -->
<testsuite skipped="0" hostname="Prabin" name="testCases.ReadOneProduct" tests="1" failures="0" timestamp="30 Apr 2022 03:38:18 GMT" time="1.315" errors="0">
  <testcase name="readOneProduct" time="1.315" classname="testCases.ReadOneProduct"/>
</testsuite> <!-- testCases.ReadOneProduct -->
