<?xml version="1.0" encoding="UTF-8"?>
<!-- Generated by org.testng.reporters.JUnitReportReporter -->
<testsuite skipped="0" hostname="Prabin" name="testCases.CreateNewProduct" tests="1" failures="0" timestamp="17 Apr 2022 16:07:51 GMT" time="1.833" errors="0">
  <testcase name="createNewProduct" time="1.833" classname="testCases.CreateNewProduct"/>
</testsuite> <!-- testCases.CreateNewProduct -->
